<?xml version="1.0" encoding="UTF-8"?>
<testsuite name="com.yuns.weather.repository.JpaMemoRepositoryTest" tests="1" skipped="0" failures="0" errors="0" timestamp="2024-12-24T12:19:17" hostname="yunsiwon-ui-noteubug.local" time="0.259">
  <properties/>
  <testcase name="findByIdTest()" classname="com.yuns.weather.repository.JpaMemoRepositoryTest" time="0.259"/>
  <system-out><![CDATA[21:19:16.260 [Test worker] INFO org.springframework.test.context.support.AnnotationConfigContextLoaderUtils -- Could not detect default configuration classes for test class [com.yuns.weather.repository.JpaMemoRepositoryTest]: JpaMemoRepositoryTest does not declare any static, non-private, non-final, nested classes annotated with @Configuration.
21:19:16.298 [Test worker] INFO org.springframework.boot.test.context.SpringBootTestContextBootstrapper -- Found @SpringBootConfiguration com.yuns.weather.WeatherApplication for test class com.yuns.weather.repository.JpaMemoRepositoryTest

  .   ____          _            __ _ _
 /\\ / ___'_ __ _ _(_)_ __  __ _ \ \ \ \
( ( )\___ | '_ | '_| | '_ \/ _` | \ \ \ \
 \\/  ___)| |_)| | | | | || (_| |  ) ) ) )
  '  |____| .__|_| |_|_| |_\__, | / / / /
 =========|_|==============|___/=/_/_/_/

 :: Spring Boot ::                (v3.4.1)

2024-12-24T21:19:16.429+09:00  INFO 29607 --- [weather] [    Test worker] c.y.w.repository.JpaMemoRepositoryTest   : Starting JpaMemoRepositoryTest using Java 17.0.13 with PID 29607 (started by yuns in /Users/yuns/Desktop/upload/weather)
2024-12-24T21:19:16.429+09:00  INFO 29607 --- [weather] [    Test worker] c.y.w.repository.JpaMemoRepositoryTest   : The following 1 profile is active: "mysql"
2024-12-24T21:19:16.622+09:00  INFO 29607 --- [weather] [    Test worker] .s.d.r.c.RepositoryConfigurationDelegate : Bootstrapping Spring Data JPA repositories in DEFAULT mode.
2024-12-24T21:19:16.637+09:00  INFO 29607 --- [weather] [    Test worker] .s.d.r.c.RepositoryConfigurationDelegate : Finished Spring Data repository scanning in 12 ms. Found 1 JPA repository interface.
2024-12-24T21:19:16.756+09:00  INFO 29607 --- [weather] [    Test worker] com.zaxxer.hikari.HikariDataSource       : HikariPool-1 - Starting...
2024-12-24T21:19:16.887+09:00  INFO 29607 --- [weather] [    Test worker] com.zaxxer.hikari.pool.HikariPool        : HikariPool-1 - Added connection com.mysql.cj.jdbc.ConnectionImpl@340afaf8
2024-12-24T21:19:16.888+09:00  INFO 29607 --- [weather] [    Test worker] com.zaxxer.hikari.HikariDataSource       : HikariPool-1 - Start completed.
2024-12-24T21:19:16.906+09:00  INFO 29607 --- [weather] [    Test worker] o.hibernate.jpa.internal.util.LogHelper  : HHH000204: Processing PersistenceUnitInfo [name: default]
2024-12-24T21:19:16.920+09:00  INFO 29607 --- [weather] [    Test worker] org.hibernate.Version                    : HHH000412: Hibernate ORM core version 6.6.4.Final
2024-12-24T21:19:16.929+09:00  INFO 29607 --- [weather] [    Test worker] o.h.c.internal.RegionFactoryInitiator    : HHH000026: Second-level cache disabled
2024-12-24T21:19:17.018+09:00  INFO 29607 --- [weather] [    Test worker] o.s.o.j.p.SpringPersistenceUnitInfo      : No LoadTimeWeaver setup: ignoring JPA class transformer
2024-12-24T21:19:17.040+09:00  WARN 29607 --- [weather] [    Test worker] o.h.e.j.e.i.JdbcEnvironmentInitiator     : HHH000339: Could not obtain connection metadata: java.sql.SQLSyntaxErrorException: Unknown column 'RESERVED' in 'WHERE'
2024-12-24T21:19:17.044+09:00  WARN 29607 --- [weather] [    Test worker] org.hibernate.orm.deprecation            : HHH90000025: MySQLDialect does not need to be specified explicitly using 'hibernate.dialect' (remove the property setting and it will be selected by default)
2024-12-24T21:19:17.050+09:00  INFO 29607 --- [weather] [    Test worker] org.hibernate.orm.connections.pooling    : HHH10001005: Database info:
	Database JDBC URL [Connecting through datasource 'HikariDataSource (HikariPool-1)']
	Database driver: undefined/unknown
	Database version: 8.0
	Autocommit mode: undefined/unknown
	Isolation level: undefined/unknown
	Minimum pool size: undefined/unknown
	Maximum pool size: undefined/unknown
2024-12-24T21:19:17.278+09:00  INFO 29607 --- [weather] [    Test worker] o.h.e.t.j.p.i.JtaPlatformInitiator       : HHH000489: No JTA platform available (set 'hibernate.transaction.jta.platform' to enable JTA platform integration)
2024-12-24T21:19:17.279+09:00  INFO 29607 --- [weather] [    Test worker] j.LocalContainerEntityManagerFactoryBean : Initialized JPA EntityManagerFactory for persistence unit 'default'
2024-12-24T21:19:17.338+09:00  WARN 29607 --- [weather] [    Test worker] JpaBaseConfiguration$JpaWebConfiguration : spring.jpa.open-in-view is enabled by default. Therefore, database queries may be performed during view rendering. Explicitly configure spring.jpa.open-in-view to disable this warning
2024-12-24T21:19:17.518+09:00  INFO 29607 --- [weather] [    Test worker] c.y.w.repository.JpaMemoRepositoryTest   : Started JpaMemoRepositoryTest in 1.171 seconds (process running for 1.535)
Hibernate: select m1_0.id,m1_0.text from memo m1_0 where m1_0.id=?
]]></system-out>
  <system-err><![CDATA[]]></system-err>
</testsuite>
